<?xml version="1.0" encoding="UTF-8"?>
<!-- Generated by org.testng.reporters.JUnitReportReporter -->
<testsuite hostname="APPLEs-MacBook-Air.local" failures="0" tests="3" name="TestRunner.TestRunner" time="82.552" errors="0" timestamp="2025-09-08T15:19:27 IST" skipped="0">
  <testcase classname="TestRunner.TestRunner" name="runScenario" time="50.021"/>
  <testcase classname="TestRunner.TestRunner" name="runScenario" time="19.780"/>
  <testcase classname="TestRunner.TestRunner" name="runScenario" time="12.751"/>
</testsuite> <!-- TestRunner.TestRunner -->
