<?xml version="1.0" encoding="UTF-8"?>
<!-- Generated by org.testng.reporters.JUnitReportReporter -->
<testsuite hostname="APPLEs-MacBook-Air.local" failures="0" tests="1" name="com.wipro.TestNG.sampletest" time="0.021" errors="0" timestamp="2025-08-28T09:15:20 IST" skipped="0">
  <testcase classname="com.wipro.TestNG.sampletest" name="verifyAddition" time="0.021"/>
</testsuite> <!-- com.wipro.TestNG.sampletest -->
